{"/Users/xabier.lameirocardam/Projects/com/src/components/Layout/index.tsx": {"path":"/Users/xabier.lameirocardam/Projects/com/src/components/Layout/index.tsx","statementMap":{"0":{"start":{"line":15,"column":24},"end":{"line":15,"column":31}},"1":{"start":{"line":2,"column":28},"end":{"line":2,"column":null}},"2":{"start":{"line":3,"column":29},"end":{"line":3,"column":null}},"3":{"start":{"line":4,"column":29},"end":{"line":4,"column":null}},"4":{"start":{"line":5,"column":25},"end":{"line":5,"column":null}},"5":{"start":{"line":6,"column":30},"end":{"line":6,"column":null}},"6":{"start":{"line":16,"column":1},"end":{"line":35,"column":null}}},"fnMap":{"0":{"name":"Layout","decl":{"start":{"line":15,"column":24},"end":{"line":15,"column":30}},"loc":{"start":{"line":15,"column":58},"end":{"line":37,"column":null}}}},"branchMap":{"0":{"loc":{"start":{"line":19,"column":37},"end":{"line":19,"column":74}},"type":"cond-expr","locations":[{"start":{"line":19,"column":37},"end":{"line":19,"column":41}},{"start":{"line":19,"column":52},"end":{"line":19,"column":74}}]},"1":{"loc":{"start":{"line":19,"column":37},"end":{"line":19,"column":52}},"type":"binary-expr","locations":[{"start":{"line":19,"column":37},"end":{"line":19,"column":52}},{"start":{"line":19,"column":37},"end":{"line":19,"column":52}}]},"2":{"loc":{"start":{"line":19,"column":37},"end":{"line":19,"column":48}},"type":"cond-expr","locations":[{"start":{"line":19,"column":37},"end":{"line":19,"column":41}},{"start":{"line":19,"column":37},"end":{"line":19,"column":48}}]},"3":{"loc":{"start":{"line":19,"column":37},"end":{"line":19,"column":43}},"type":"binary-expr","locations":[{"start":{"line":19,"column":37},"end":{"line":19,"column":43}},{"start":{"line":19,"column":37},"end":{"line":19,"column":43}}]}},"s":{"0":1,"1":1,"2":1,"3":1,"4":1,"5":1,"6":2},"f":{"0":2},"b":{"0":[1,1],"1":[2,2],"2":[1,1],"3":[2,2]}}
,"/Users/xabier.lameirocardam/Projects/com/src/components/Layout/Footer/index.tsx": {"path":"/Users/xabier.lameirocardam/Projects/com/src/components/Layout/Footer/index.tsx","statementMap":{"0":{"start":{"line":1,"column":41},"end":{"line":1,"column":null}},"1":{"start":{"line":3,"column":15},"end":{"line":6,"column":10}},"2":{"start":{"line":4,"column":1},"end":{"line":6,"column":10}},"3":{"start":{"line":9,"column":15},"end":{"line":9,"column":21}}},"fnMap":{"0":{"name":"(anonymous_0)","decl":{"start":{"line":3,"column":15},"end":{"line":3,"column":null}},"loc":{"start":{"line":4,"column":1},"end":{"line":6,"column":10}}}},"branchMap":{},"s":{"0":1,"1":1,"2":2,"3":1},"f":{"0":2},"b":{}}
,"/Users/xabier.lameirocardam/Projects/com/src/components/Layout/Header/index.tsx": {"path":"/Users/xabier.lameirocardam/Projects/com/src/components/Layout/Header/index.tsx","statementMap":{"0":{"start":{"line":1,"column":23},"end":{"line":1,"column":null}},"1":{"start":{"line":2,"column":41},"end":{"line":2,"column":null}},"2":{"start":{"line":4,"column":15},"end":{"line":7,"column":10}},"3":{"start":{"line":5,"column":1},"end":{"line":7,"column":10}},"4":{"start":{"line":10,"column":15},"end":{"line":10,"column":21}}},"fnMap":{"0":{"name":"(anonymous_0)","decl":{"start":{"line":4,"column":15},"end":{"line":4,"column":null}},"loc":{"start":{"line":5,"column":1},"end":{"line":7,"column":10}}}},"branchMap":{},"s":{"0":1,"1":1,"2":1,"3":2,"4":1},"f":{"0":2},"b":{}}
,"/Users/xabier.lameirocardam/Projects/com/src/components/Layout/Header/Nav/index.tsx": {"path":"/Users/xabier.lameirocardam/Projects/com/src/components/Layout/Header/Nav/index.tsx","statementMap":{"0":{"start":{"line":3,"column":24},"end":{"line":3,"column":30}},"1":{"start":{"line":1,"column":28},"end":{"line":1,"column":null}},"2":{"start":{"line":4,"column":1},"end":{"line":15,"column":null}}},"fnMap":{"0":{"name":"Nav","decl":{"start":{"line":3,"column":24},"end":{"line":3,"column":27}},"loc":{"start":{"line":3,"column":30},"end":{"line":17,"column":null}}}},"branchMap":{},"s":{"0":1,"1":1,"2":2},"f":{"0":2},"b":{}}
,"/Users/xabier.lameirocardam/Projects/com/src/components/Layout/Main/index.tsx": {"path":"/Users/xabier.lameirocardam/Projects/com/src/components/Layout/Main/index.tsx","statementMap":{"0":{"start":{"line":2,"column":39},"end":{"line":2,"column":null}},"1":{"start":{"line":7,"column":13},"end":{"line":10,"column":8}},"2":{"start":{"line":8,"column":1},"end":{"line":10,"column":8}},"3":{"start":{"line":13,"column":15},"end":{"line":13,"column":19}}},"fnMap":{"0":{"name":"(anonymous_0)","decl":{"start":{"line":7,"column":13},"end":{"line":7,"column":14}},"loc":{"start":{"line":8,"column":1},"end":{"line":10,"column":8}}}},"branchMap":{},"s":{"0":1,"1":1,"2":2,"3":1},"f":{"0":2},"b":{}}
}
