{"/Users/xabier.lameirocardam/Projects/com/src/components/Layout/index.tsx": {"path":"/Users/xabier.lameirocardam/Projects/com/src/components/Layout/index.tsx","statementMap":{"0":{"start":{"line":15,"column":24},"end":{"line":15,"column":31}},"1":{"start":{"line":2,"column":28},"end":{"line":2,"column":null}},"2":{"start":{"line":3,"column":29},"end":{"line":3,"column":null}},"3":{"start":{"line":4,"column":29},"end":{"line":4,"column":null}},"4":{"start":{"line":5,"column":25},"end":{"line":5,"column":null}},"5":{"start":{"line":6,"column":30},"end":{"line":6,"column":null}},"6":{"start":{"line":16,"column":1},"end":{"line":35,"column":null}}},"fnMap":{"0":{"name":"Layout","decl":{"start":{"line":15,"column":24},"end":{"line":15,"column":30}},"loc":{"start":{"line":15,"column":58},"end":{"line":37,"column":null}}}},"branchMap":{"0":{"loc":{"start":{"line":19,"column":37},"end":{"line":19,"column":74}},"type":"cond-expr","locations":[{"start":{"line":19,"column":37},"end":{"line":19,"column":41}},{"start":{"line":19,"column":52},"end":{"line":19,"column":74}}]},"1":{"loc":{"start":{"line":19,"column":37},"end":{"line":19,"column":52}},"type":"binary-expr","locations":[{"start":{"line":19,"column":37},"end":{"line":19,"column":52}},{"start":{"line":19,"column":37},"end":{"line":19,"column":52}}]},"2":{"loc":{"start":{"line":19,"column":37},"end":{"line":19,"column":48}},"type":"cond-expr","locations":[{"start":{"line":19,"column":37},"end":{"line":19,"column":41}},{"start":{"line":19,"column":37},"end":{"line":19,"column":48}}]},"3":{"loc":{"start":{"line":19,"column":37},"end":{"line":19,"column":43}},"type":"binary-expr","locations":[{"start":{"line":19,"column":37},"end":{"line":19,"column":43}},{"start":{"line":19,"column":37},"end":{"line":19,"column":43}}]}},"s":{"0":3,"1":3,"2":3,"3":3,"4":3,"5":3,"6":2},"f":{"0":2},"b":{"0":[1,1],"1":[2,2],"2":[1,1],"3":[2,2]}}
,"/Users/xabier.lameirocardam/Projects/com/src/components/Layout/Footer/index.tsx": {"path":"/Users/xabier.lameirocardam/Projects/com/src/components/Layout/Footer/index.tsx","statementMap":{"0":{"start":{"line":1,"column":41},"end":{"line":1,"column":null}},"1":{"start":{"line":3,"column":15},"end":{"line":6,"column":10}},"2":{"start":{"line":4,"column":1},"end":{"line":6,"column":10}},"3":{"start":{"line":9,"column":15},"end":{"line":9,"column":21}}},"fnMap":{"0":{"name":"(anonymous_0)","decl":{"start":{"line":3,"column":15},"end":{"line":3,"column":null}},"loc":{"start":{"line":4,"column":1},"end":{"line":6,"column":10}}}},"branchMap":{},"s":{"0":3,"1":3,"2":2,"3":3},"f":{"0":2},"b":{}}
,"/Users/xabier.lameirocardam/Projects/com/src/components/Layout/Header/index.tsx": {"path":"/Users/xabier.lameirocardam/Projects/com/src/components/Layout/Header/index.tsx","statementMap":{"0":{"start":{"line":1,"column":23},"end":{"line":1,"column":null}},"1":{"start":{"line":2,"column":41},"end":{"line":2,"column":null}},"2":{"start":{"line":4,"column":15},"end":{"line":7,"column":10}},"3":{"start":{"line":5,"column":1},"end":{"line":7,"column":10}},"4":{"start":{"line":10,"column":15},"end":{"line":10,"column":21}}},"fnMap":{"0":{"name":"(anonymous_0)","decl":{"start":{"line":4,"column":15},"end":{"line":4,"column":null}},"loc":{"start":{"line":5,"column":1},"end":{"line":7,"column":10}}}},"branchMap":{},"s":{"0":3,"1":3,"2":3,"3":2,"4":3},"f":{"0":2},"b":{}}
,"/Users/xabier.lameirocardam/Projects/com/src/components/Layout/Header/Nav/index.tsx": {"path":"/Users/xabier.lameirocardam/Projects/com/src/components/Layout/Header/Nav/index.tsx","statementMap":{"0":{"start":{"line":3,"column":24},"end":{"line":3,"column":30}},"1":{"start":{"line":1,"column":28},"end":{"line":1,"column":null}},"2":{"start":{"line":4,"column":1},"end":{"line":15,"column":null}}},"fnMap":{"0":{"name":"Nav","decl":{"start":{"line":3,"column":24},"end":{"line":3,"column":27}},"loc":{"start":{"line":3,"column":30},"end":{"line":17,"column":null}}}},"branchMap":{},"s":{"0":3,"1":3,"2":2},"f":{"0":2},"b":{}}
,"/Users/xabier.lameirocardam/Projects/com/src/components/Layout/Main/index.tsx": {"path":"/Users/xabier.lameirocardam/Projects/com/src/components/Layout/Main/index.tsx","statementMap":{"0":{"start":{"line":2,"column":39},"end":{"line":2,"column":null}},"1":{"start":{"line":7,"column":13},"end":{"line":10,"column":8}},"2":{"start":{"line":8,"column":1},"end":{"line":10,"column":8}},"3":{"start":{"line":13,"column":15},"end":{"line":13,"column":19}}},"fnMap":{"0":{"name":"(anonymous_0)","decl":{"start":{"line":7,"column":13},"end":{"line":7,"column":14}},"loc":{"start":{"line":8,"column":1},"end":{"line":10,"column":8}}}},"branchMap":{},"s":{"0":3,"1":3,"2":2,"3":3},"f":{"0":2},"b":{}}
,"/Users/xabier.lameirocardam/Projects/com/src/components/MDX/index.tsx": {"path":"/Users/xabier.lameirocardam/Projects/com/src/components/MDX/index.tsx","statementMap":{"0":{"start":{"line":1,"column":46},"end":{"line":1,"column":null}},"1":{"start":{"line":2,"column":50},"end":{"line":2,"column":null}},"2":{"start":{"line":3,"column":52},"end":{"line":3,"column":null}},"3":{"start":{"line":4,"column":45},"end":{"line":4,"column":null}},"4":{"start":{"line":6,"column":26},"end":{"line":11,"column":null}},"5":{"start":{"line":6,"column":13},"end":{"line":6,"column":26}}},"fnMap":{},"branchMap":{},"s":{"0":1,"1":1,"2":1,"3":1,"4":1,"5":1},"f":{},"b":{}}
,"/Users/xabier.lameirocardam/Projects/com/src/components/MDX/Article/index.tsx": {"path":"/Users/xabier.lameirocardam/Projects/com/src/components/MDX/Article/index.tsx","statementMap":{"0":{"start":{"line":2,"column":42},"end":{"line":2,"column":null}},"1":{"start":{"line":4,"column":16},"end":{"line":7,"column":11}},"2":{"start":{"line":5,"column":1},"end":{"line":7,"column":11}},"3":{"start":{"line":10,"column":15},"end":{"line":10,"column":22}}},"fnMap":{"0":{"name":"(anonymous_0)","decl":{"start":{"line":4,"column":16},"end":{"line":4,"column":17}},"loc":{"start":{"line":5,"column":1},"end":{"line":7,"column":11}}}},"branchMap":{},"s":{"0":1,"1":1,"2":1,"3":1},"f":{"0":1},"b":{}}
,"/Users/xabier.lameirocardam/Projects/com/src/components/MDX/Container/index.tsx": {"path":"/Users/xabier.lameirocardam/Projects/com/src/components/MDX/Container/index.tsx","statementMap":{"0":{"start":{"line":2,"column":44},"end":{"line":2,"column":null}},"1":{"start":{"line":4,"column":18},"end":{"line":7,"column":11}},"2":{"start":{"line":5,"column":1},"end":{"line":7,"column":11}},"3":{"start":{"line":10,"column":15},"end":{"line":10,"column":24}}},"fnMap":{"0":{"name":"(anonymous_0)","decl":{"start":{"line":4,"column":18},"end":{"line":4,"column":19}},"loc":{"start":{"line":5,"column":1},"end":{"line":7,"column":11}}}},"branchMap":{},"s":{"0":1,"1":1,"2":1,"3":1},"f":{"0":1},"b":{}}
,"/Users/xabier.lameirocardam/Projects/com/src/components/MDX/Headers/index.tsx": {"path":"/Users/xabier.lameirocardam/Projects/com/src/components/MDX/Headers/index.tsx","statementMap":{"0":{"start":{"line":2,"column":42},"end":{"line":2,"column":null}},"1":{"start":{"line":4,"column":15},"end":{"line":4,"column":60}},"2":{"start":{"line":4,"column":52},"end":{"line":4,"column":60}},"3":{"start":{"line":6,"column":0},"end":{"line":9,"column":6}},"4":{"start":{"line":7,"column":1},"end":{"line":9,"column":6}},"5":{"start":{"line":12,"column":0},"end":{"line":15,"column":6}},"6":{"start":{"line":13,"column":1},"end":{"line":15,"column":6}},"7":{"start":{"line":18,"column":0},"end":{"line":21,"column":6}},"8":{"start":{"line":19,"column":1},"end":{"line":21,"column":6}},"9":{"start":{"line":24,"column":0},"end":{"line":27,"column":6}},"10":{"start":{"line":25,"column":1},"end":{"line":27,"column":6}},"11":{"start":{"line":30,"column":15},"end":{"line":30,"column":21}}},"fnMap":{"0":{"name":"(anonymous_0)","decl":{"start":{"line":4,"column":15},"end":{"line":4,"column":16}},"loc":{"start":{"line":4,"column":52},"end":{"line":4,"column":60}}},"1":{"name":"(anonymous_1)","decl":{"start":{"line":6,"column":12},"end":{"line":6,"column":13}},"loc":{"start":{"line":7,"column":1},"end":{"line":9,"column":6}}},"2":{"name":"(anonymous_2)","decl":{"start":{"line":12,"column":12},"end":{"line":12,"column":13}},"loc":{"start":{"line":13,"column":1},"end":{"line":15,"column":6}}},"3":{"name":"(anonymous_3)","decl":{"start":{"line":18,"column":12},"end":{"line":18,"column":13}},"loc":{"start":{"line":19,"column":1},"end":{"line":21,"column":6}}},"4":{"name":"(anonymous_4)","decl":{"start":{"line":24,"column":12},"end":{"line":24,"column":13}},"loc":{"start":{"line":25,"column":1},"end":{"line":27,"column":6}}}},"branchMap":{},"s":{"0":1,"1":1,"2":1,"3":1,"4":1,"5":1,"6":1,"7":1,"8":1,"9":1,"10":1,"11":1},"f":{"0":1,"1":1,"2":1,"3":1,"4":1},"b":{}}
,"/Users/xabier.lameirocardam/Projects/com/src/components/Modal/index.tsx": {"path":"/Users/xabier.lameirocardam/Projects/com/src/components/Modal/index.tsx","statementMap":{"0":{"start":{"line":1,"column":25},"end":{"line":1,"column":null}},"1":{"start":{"line":3,"column":40},"end":{"line":3,"column":null}},"2":{"start":{"line":4,"column":42},"end":{"line":4,"column":null}},"3":{"start":{"line":5,"column":40},"end":{"line":5,"column":null}},"4":{"start":{"line":13,"column":14},"end":{"line":29,"column":null}},"5":{"start":{"line":14,"column":27},"end":{"line":14,"column":48}},"6":{"start":{"line":16,"column":1},"end":{"line":18,"column":null}},"7":{"start":{"line":17,"column":2},"end":{"line":17,"column":null}},"8":{"start":{"line":20,"column":1},"end":{"line":28,"column":null}},"9":{"start":{"line":31,"column":15},"end":{"line":31,"column":20}}},"fnMap":{"0":{"name":"(anonymous_0)","decl":{"start":{"line":13,"column":14},"end":{"line":13,"column":15}},"loc":{"start":{"line":13,"column":82},"end":{"line":29,"column":null}}},"1":{"name":"(anonymous_1)","decl":{"start":{"line":16,"column":17},"end":{"line":16,"column":23}},"loc":{"start":{"line":16,"column":23},"end":{"line":18,"column":4}}}},"branchMap":{"0":{"loc":{"start":{"line":20,"column":8},"end":{"line":28,"column":8}},"type":"cond-expr","locations":[{"start":{"line":21,"column":4},"end":{"line":26,"column":null}},{"start":{"line":28,"column":4},"end":{"line":28,"column":8}}]}},"s":{"0":1,"1":1,"2":1,"3":1,"4":1,"5":1,"6":1,"7":1,"8":1,"9":1},"f":{"0":1,"1":1},"b":{"0":[0,1]}}
,"/Users/xabier.lameirocardam/Projects/com/src/components/NavContainer/index.tsx": {"path":"/Users/xabier.lameirocardam/Projects/com/src/components/NavContainer/index.tsx","statementMap":{"0":{"start":{"line":1,"column":25},"end":{"line":1,"column":null}},"1":{"start":{"line":2,"column":38},"end":{"line":2,"column":null}},"2":{"start":{"line":3,"column":62},"end":{"line":3,"column":null}},"3":{"start":{"line":4,"column":72},"end":{"line":4,"column":null}},"4":{"start":{"line":5,"column":52},"end":{"line":5,"column":null}},"5":{"start":{"line":6,"column":47},"end":{"line":6,"column":null}},"6":{"start":{"line":12,"column":21},"end":{"line":62,"column":null}},"7":{"start":{"line":13,"column":19},"end":{"line":13,"column":34}},"8":{"start":{"line":14,"column":25},"end":{"line":14,"column":46}},"9":{"start":{"line":15,"column":33},"end":{"line":15,"column":63}},"10":{"start":{"line":16,"column":22},"end":{"line":16,"column":56}},"11":{"start":{"line":17,"column":18},"end":{"line":17,"column":78}},"12":{"start":{"line":18,"column":19},"end":{"line":18,"column":77}},"13":{"start":{"line":20,"column":22},"end":{"line":20,"column":86}},"14":{"start":{"line":20,"column":28},"end":{"line":20,"column":86}},"15":{"start":{"line":20,"column":55},"end":{"line":20,"column":86}},"16":{"start":{"line":21,"column":22},"end":{"line":22,"column":82}},"17":{"start":{"line":22,"column":2},"end":{"line":22,"column":82}},"18":{"start":{"line":22,"column":29},"end":{"line":22,"column":82}},"19":{"start":{"line":26,"column":22},"end":{"line":30,"column":null}},"20":{"start":{"line":27,"column":26},"end":{"line":27,"column":74}},"21":{"start":{"line":28,"column":17},"end":{"line":28,"column":44}},"22":{"start":{"line":29,"column":2},"end":{"line":29,"column":null}},"23":{"start":{"line":32,"column":17},"end":{"line":47,"column":null}},"24":{"start":{"line":33,"column":2},"end":{"line":45,"column":null}},"25":{"start":{"line":43,"column":54},"end":{"line":43,"column":87}},"26":{"start":{"line":49,"column":1},"end":{"line":60,"column":null}},"27":{"start":{"line":52,"column":40},"end":{"line":52,"column":54}},"28":{"start":{"line":55,"column":27},"end":{"line":55,"column":51}},"29":{"start":{"line":55,"column":45},"end":{"line":55,"column":50}},"30":{"start":{"line":63,"column":15},"end":{"line":63,"column":27}}},"fnMap":{"0":{"name":"(anonymous_0)","decl":{"start":{"line":12,"column":21},"end":{"line":12,"column":22}},"loc":{"start":{"line":12,"column":66},"end":{"line":62,"column":null}}},"1":{"name":"(anonymous_1)","decl":{"start":{"line":20,"column":22},"end":{"line":20,"column":28}},"loc":{"start":{"line":20,"column":28},"end":{"line":20,"column":86}}},"2":{"name":"(anonymous_2)","decl":{"start":{"line":20,"column":40},"end":{"line":20,"column":41}},"loc":{"start":{"line":20,"column":55},"end":{"line":20,"column":86}}},"3":{"name":"(anonymous_3)","decl":{"start":{"line":21,"column":22},"end":{"line":21,"column":null}},"loc":{"start":{"line":22,"column":2},"end":{"line":22,"column":82}}},"4":{"name":"(anonymous_4)","decl":{"start":{"line":22,"column":14},"end":{"line":22,"column":15}},"loc":{"start":{"line":22,"column":29},"end":{"line":22,"column":82}}},"5":{"name":"(anonymous_5)","decl":{"start":{"line":26,"column":22},"end":{"line":26,"column":23}},"loc":{"start":{"line":26,"column":51},"end":{"line":30,"column":null}}},"6":{"name":"(anonymous_6)","decl":{"start":{"line":32,"column":17},"end":{"line":32,"column":37}},"loc":{"start":{"line":32,"column":37},"end":{"line":47,"column":null}}},"7":{"name":"(anonymous_7)","decl":{"start":{"line":43,"column":35},"end":{"line":43,"column":36}},"loc":{"start":{"line":43,"column":54},"end":{"line":43,"column":87}}},"8":{"name":"(anonymous_8)","decl":{"start":{"line":52,"column":34},"end":{"line":52,"column":40}},"loc":{"start":{"line":52,"column":40},"end":{"line":52,"column":54}}},"9":{"name":"(anonymous_9)","decl":{"start":{"line":55,"column":21},"end":{"line":55,"column":27}},"loc":{"start":{"line":55,"column":27},"end":{"line":55,"column":51}}},"10":{"name":"(anonymous_10)","decl":{"start":{"line":55,"column":35},"end":{"line":55,"column":36}},"loc":{"start":{"line":55,"column":45},"end":{"line":55,"column":50}}}},"branchMap":{"0":{"loc":{"start":{"line":12,"column":34},"end":{"line":12,"column":52}},"type":"default-arg","locations":[{"start":{"line":12,"column":51},"end":{"line":12,"column":52}}]},"1":{"loc":{"start":{"line":17,"column":18},"end":{"line":17,"column":78}},"type":"cond-expr","locations":[{"start":{"line":17,"column":46},"end":{"line":17,"column":60}},{"start":{"line":17,"column":63},"end":{"line":17,"column":78}}]},"2":{"loc":{"start":{"line":18,"column":19},"end":{"line":18,"column":77}},"type":"cond-expr","locations":[{"start":{"line":18,"column":45},"end":{"line":18,"column":59}},{"start":{"line":18,"column":62},"end":{"line":18,"column":77}}]},"3":{"loc":{"start":{"line":20,"column":55},"end":{"line":20,"column":86}},"type":"cond-expr","locations":[{"start":{"line":20,"column":70},"end":{"line":20,"column":82}},{"start":{"line":20,"column":85},"end":{"line":20,"column":86}}]},"4":{"loc":{"start":{"line":22,"column":29},"end":{"line":22,"column":82}},"type":"cond-expr","locations":[{"start":{"line":22,"column":55},"end":{"line":22,"column":67}},{"start":{"line":22,"column":70},"end":{"line":22,"column":82}}]},"5":{"loc":{"start":{"line":27,"column":26},"end":{"line":27,"column":74}},"type":"cond-expr","locations":[{"start":{"line":27,"column":26},"end":{"line":27,"column":31}},{"start":{"line":27,"column":43},"end":{"line":27,"column":74}}]},"6":{"loc":{"start":{"line":27,"column":26},"end":{"line":27,"column":43}},"type":"binary-expr","locations":[{"start":{"line":27,"column":26},"end":{"line":27,"column":43}},{"start":{"line":27,"column":26},"end":{"line":27,"column":43}}]},"7":{"loc":{"start":{"line":29,"column":9},"end":{"line":29,"column":49}},"type":"cond-expr","locations":[{"start":{"line":29,"column":18},"end":{"line":29,"column":32}},{"start":{"line":29,"column":35},"end":{"line":29,"column":49}}]},"8":{"loc":{"start":{"line":43,"column":54},"end":{"line":43,"column":87}},"type":"cond-expr","locations":[{"start":{"line":43,"column":75},"end":{"line":43,"column":80}},{"start":{"line":43,"column":83},"end":{"line":43,"column":87}}]}},"s":{"0":1,"1":1,"2":1,"3":1,"4":1,"5":1,"6":1,"7":2,"8":2,"9":2,"10":2,"11":2,"12":2,"13":2,"14":0,"15":0,"16":2,"17":0,"18":0,"19":2,"20":0,"21":0,"22":0,"23":2,"24":1,"25":1,"26":2,"27":0,"28":0,"29":0,"30":1},"f":{"0":2,"1":0,"2":0,"3":0,"4":0,"5":0,"6":1,"7":1,"8":0,"9":0,"10":0},"b":{"0":[2],"1":[0,2],"2":[0,2],"3":[0,0],"4":[0,0],"5":[0,0],"6":[0,0],"7":[0,0],"8":[1,0]}}
,"/Users/xabier.lameirocardam/Projects/com/src/components/VisibilityManager/index.tsx": {"path":"/Users/xabier.lameirocardam/Projects/com/src/components/VisibilityManager/index.tsx","statementMap":{"0":{"start":{"line":2,"column":52},"end":{"line":2,"column":null}},"1":{"start":{"line":3,"column":81},"end":{"line":3,"column":null}},"2":{"start":{"line":12,"column":26},"end":{"line":28,"column":null}},"3":{"start":{"line":13,"column":65},"end":{"line":13,"column":70}},"4":{"start":{"line":14,"column":19},"end":{"line":14,"column":34}},"5":{"start":{"line":16,"column":18},"end":{"line":16,"column":null}},"6":{"start":{"line":17,"column":18},"end":{"line":17,"column":null}},"7":{"start":{"line":18,"column":19},"end":{"line":18,"column":null}},"8":{"start":{"line":21,"column":2},"end":{"line":21,"column":89}},"9":{"start":{"line":23,"column":1},"end":{"line":25,"column":null}},"10":{"start":{"line":24,"column":2},"end":{"line":24,"column":null}},"11":{"start":{"line":27,"column":1},"end":{"line":27,"column":null}},"12":{"start":{"line":30,"column":15},"end":{"line":30,"column":32}}},"fnMap":{"0":{"name":"(anonymous_0)","decl":{"start":{"line":12,"column":26},"end":{"line":12,"column":27}},"loc":{"start":{"line":12,"column":65},"end":{"line":28,"column":null}}}},"branchMap":{"0":{"loc":{"start":{"line":17,"column":18},"end":{"line":17,"column":null}},"type":"binary-expr","locations":[{"start":{"line":17,"column":18},"end":{"line":17,"column":40}},{"start":{"line":17,"column":40},"end":{"line":17,"column":null}}]},"1":{"loc":{"start":{"line":21,"column":2},"end":{"line":21,"column":89}},"type":"binary-expr","locations":[{"start":{"line":21,"column":2},"end":{"line":21,"column":15}},{"start":{"line":21,"column":20},"end":{"line":21,"column":29}},{"start":{"line":21,"column":35},"end":{"line":21,"column":47}},{"start":{"line":21,"column":51},"end":{"line":21,"column":59}},{"start":{"line":21,"column":65},"end":{"line":21,"column":77}},{"start":{"line":21,"column":81},"end":{"line":21,"column":89}}]},"2":{"loc":{"start":{"line":23,"column":1},"end":{"line":25,"column":null}},"type":"if","locations":[{"start":{"line":23,"column":1},"end":{"line":25,"column":null}}]}},"s":{"0":2,"1":2,"2":2,"3":12,"4":12,"5":12,"6":12,"7":12,"8":12,"9":12,"10":5,"11":7,"12":2},"f":{"0":12},"b":{"0":[12,8],"1":[12,6,11,8,11,8],"2":[5]}}
,"/Users/xabier.lameirocardam/Projects/com/src/constants/devices.ts": {"path":"/Users/xabier.lameirocardam/Projects/com/src/constants/devices.ts","statementMap":{"0":{"start":{"line":1,"column":25},"end":{"line":1,"column":28}},"1":{"start":{"line":1,"column":13},"end":{"line":1,"column":25}},"2":{"start":{"line":2,"column":25},"end":{"line":2,"column":28}},"3":{"start":{"line":2,"column":13},"end":{"line":2,"column":25}},"4":{"start":{"line":3,"column":25},"end":{"line":3,"column":29}},"5":{"start":{"line":3,"column":13},"end":{"line":3,"column":25}},"6":{"start":{"line":4,"column":26},"end":{"line":4,"column":30}},"7":{"start":{"line":4,"column":13},"end":{"line":4,"column":26}}},"fnMap":{},"branchMap":{},"s":{"0":2,"1":2,"2":2,"3":2,"4":2,"5":2,"6":2,"7":2},"f":{},"b":{}}
,"/Users/xabier.lameirocardam/Projects/com/src/hooks/useWidowResize.ts": {"path":"/Users/xabier.lameirocardam/Projects/com/src/hooks/useWidowResize.ts","statementMap":{"0":{"start":{"line":1,"column":25},"end":{"line":1,"column":null}},"1":{"start":{"line":9,"column":36},"end":{"line":9,"column":88}},"2":{"start":{"line":11,"column":1},"end":{"line":22,"column":null}},"3":{"start":{"line":12,"column":23},"end":{"line":14,"column":null}},"4":{"start":{"line":13,"column":3},"end":{"line":13,"column":null}},"5":{"start":{"line":15,"column":2},"end":{"line":15,"column":null}},"6":{"start":{"line":17,"column":2},"end":{"line":17,"column":null}},"7":{"start":{"line":19,"column":2},"end":{"line":21,"column":null}},"8":{"start":{"line":20,"column":3},"end":{"line":20,"column":null}},"9":{"start":{"line":23,"column":1},"end":{"line":23,"column":null}},"10":{"start":{"line":25,"column":15},"end":{"line":25,"column":30}}},"fnMap":{"0":{"name":"useWindowResize","decl":{"start":{"line":8,"column":9},"end":{"line":8,"column":24}},"loc":{"start":{"line":8,"column":38},"end":{"line":24,"column":null}}},"1":{"name":"(anonymous_1)","decl":{"start":{"line":11,"column":17},"end":{"line":11,"column":23}},"loc":{"start":{"line":11,"column":23},"end":{"line":22,"column":4}}},"2":{"name":"(anonymous_2)","decl":{"start":{"line":12,"column":23},"end":{"line":12,"column":29}},"loc":{"start":{"line":12,"column":29},"end":{"line":14,"column":null}}},"3":{"name":"(anonymous_3)","decl":{"start":{"line":19,"column":9},"end":{"line":19,"column":15}},"loc":{"start":{"line":19,"column":15},"end":{"line":21,"column":null}}}},"branchMap":{},"s":{"0":2,"1":14,"2":14,"3":7,"4":7,"5":7,"6":7,"7":7,"8":7,"9":14,"10":2},"f":{"0":14,"1":7,"2":7,"3":7},"b":{}}
}
